e:\.school\gdgrap1\gdgrap1\gdgrap1\x64\release\vc142.pdb
e:\.school\gdgrap1\gdgrap1\gdgrap1\x64\release\glad.obj
e:\.school\gdgrap1\gdgrap1\gdgrap1\x64\release\model.obj
e:\.school\gdgrap1\gdgrap1\gdgrap1\x64\release\main.obj
e:\.school\gdgrap1\gdgrap1\x64\release\shaders\shader.frag
e:\.school\gdgrap1\gdgrap1\x64\release\shaders\shader.vert
e:\.school\gdgrap1\gdgrap1\x64\release\spoon.frag
e:\.school\gdgrap1\gdgrap1\x64\release\spoon.vert
e:\.school\gdgrap1\gdgrap1\x64\release\teacup.frag
e:\.school\gdgrap1\gdgrap1\x64\release\teacup.vert
e:\.school\gdgrap1\gdgrap1\x64\release\bunny.obj
e:\.school\gdgrap1\gdgrap1\x64\release\spoon.obj
e:\.school\gdgrap1\gdgrap1\x64\release\teacup.obj
e:\.school\gdgrap1\gdgrap1\x64\release\3d\glass.obj
e:\.school\gdgrap1\gdgrap1\x64\release\gdgrap1.exe
e:\.school\gdgrap1\gdgrap1\gdgrap1\x64\release\gdgrap1.iobj
e:\.school\gdgrap1\gdgrap1\x64\release\gdgrap1.pdb
e:\.school\gdgrap1\gdgrap1\gdgrap1\x64\release\gdgrap1.ipdb
e:\.school\gdgrap1\gdgrap1\gdgrap1\x64\release\gdgrap1.tlog\cl.command.1.tlog
e:\.school\gdgrap1\gdgrap1\gdgrap1\x64\release\gdgrap1.tlog\cl.read.1.tlog
e:\.school\gdgrap1\gdgrap1\gdgrap1\x64\release\gdgrap1.tlog\cl.write.1.tlog
e:\.school\gdgrap1\gdgrap1\gdgrap1\x64\release\gdgrap1.tlog\copyfile.command.1.tlog
e:\.school\gdgrap1\gdgrap1\gdgrap1\x64\release\gdgrap1.tlog\copyfile.read.1.tlog
e:\.school\gdgrap1\gdgrap1\gdgrap1\x64\release\gdgrap1.tlog\copyfile.write.1.tlog
e:\.school\gdgrap1\gdgrap1\gdgrap1\x64\release\gdgrap1.tlog\link.command.1.tlog
e:\.school\gdgrap1\gdgrap1\gdgrap1\x64\release\gdgrap1.tlog\link.read.1.tlog
e:\.school\gdgrap1\gdgrap1\gdgrap1\x64\release\gdgrap1.tlog\link.write.1.tlog
